<?xml version="1.0" encoding="UTF-8"?>
<!-- Generated by org.testng.reporters.JUnitReportReporter -->
<testsuite skipped="0" hostname="CW-Mac.local" name="TestRunner.ParallelRunner" tests="16" failures="0" timestamp="2021-12-24T22:19:11 IST" time="393.247" errors="0">
  <testcase name="runScenario" time="16.898" classname="TestRunner.ParallelRunner"/>
  <system-out/>
  <testcase name="runScenario" time="23.914" classname="TestRunner.ParallelRunner"/>
  <system-out/>
  <testcase name="runScenario" time="23.368" classname="TestRunner.ParallelRunner"/>
  <system-out/>
  <testcase name="runScenario" time="36.004" classname="TestRunner.ParallelRunner"/>
  <system-out/>
  <testcase name="runScenario" time="32.954" classname="TestRunner.ParallelRunner"/>
  <system-out/>
  <testcase name="runScenario" time="21.379" classname="TestRunner.ParallelRunner"/>
  <system-out/>
  <testcase name="runScenario" time="12.979" classname="TestRunner.ParallelRunner"/>
  <system-out/>
  <testcase name="runScenario" time="30.663" classname="TestRunner.ParallelRunner"/>
  <system-out/>
  <testcase name="runScenario" time="20.910" classname="TestRunner.ParallelRunner"/>
  <system-out/>
  <testcase name="runScenario" time="28.675" classname="TestRunner.ParallelRunner"/>
  <system-out/>
  <testcase name="runScenario" time="21.433" classname="TestRunner.ParallelRunner"/>
  <system-out/>
  <testcase name="runScenario" time="32.445" classname="TestRunner.ParallelRunner"/>
  <system-out/>
  <testcase name="runScenario" time="25.705" classname="TestRunner.ParallelRunner"/>
  <system-out/>
  <testcase name="runScenario" time="13.746" classname="TestRunner.ParallelRunner"/>
  <system-out/>
  <testcase name="runScenario" time="23.639" classname="TestRunner.ParallelRunner"/>
  <system-out/>
  <testcase name="runScenario" time="28.535" classname="TestRunner.ParallelRunner"/>
  <system-out/>
</testsuite> <!-- TestRunner.ParallelRunner -->
